<?xml version="1.0" encoding="UTF-8"?>
<testng-results total="2" passed="2" failed="0" skipped="0">
  <reporter-output>
  </reporter-output>
  <suite started-at="2021-03-25T10:06:00Z" name="Suite" finished-at="2021-03-25T10:06:00Z" duration-ms="32">
    <groups>
    </groups>
    <test started-at="2021-03-25T10:06:00Z" name="Test" finished-at="2021-03-25T10:06:00Z" duration-ms="32">
      <class name="day3.TestNGAnnotations">
        <test-method signature="testCase1()[pri:0, instance:day3.TestNGAnnotations@7b7fdc8]" started-at="2021-03-25T10:06:00Z" name="testCase1" finished-at="2021-03-25T10:06:00Z" duration-ms="14" status="PASS">
          <reporter-output>
          </reporter-output>
        </test-method> <!-- testCase1 -->
        <test-method signature="testCase2()[pri:0, instance:day3.TestNGAnnotations@7b7fdc8]" started-at="2021-03-25T10:06:00Z" name="testCase2" finished-at="2021-03-25T10:06:00Z" duration-ms="1" status="PASS">
          <reporter-output>
          </reporter-output>
        </test-method> <!-- testCase2 -->
      </class> <!-- day3.TestNGAnnotations -->
    </test> <!-- Test -->
  </suite> <!-- Suite -->
</testng-results>
